ld.lld: error: undefined symbol: main
>>> referenced by start.S:104 (../sysdeps/x86_64/start.S:104)
>>>               /usr/lib64/gcc/x86_64-suse-linux/12/../../../../lib64/crt1.o:(_start)
clang: error: linker command failed with exit code 1 (use -v to see invocation)
Workload failed: No such file or directory
srun: error: nid001006: task 0: Exited with exit code 255
srun: Terminating StepId=10132113.0
ld.lld: error: undefined symbol: main
>>> referenced by start.S:104 (../sysdeps/x86_64/start.S:104)
>>>               /usr/lib64/gcc/x86_64-suse-linux/12/../../../../lib64/crt1.o:(_start)
clang: error: linker command failed with exit code 1 (use -v to see invocation)
Workload failed: No such file or directory
srun: error: nid001006: task 0: Exited with exit code 255
srun: Terminating StepId=10132113.1
ld.lld: error: undefined symbol: main
>>> referenced by start.S:104 (../sysdeps/x86_64/start.S:104)
>>>               /usr/lib64/gcc/x86_64-suse-linux/12/../../../../lib64/crt1.o:(_start)
clang: error: linker command failed with exit code 1 (use -v to see invocation)
Workload failed: No such file or directory
srun: error: nid001006: task 0: Exited with exit code 255
srun: Terminating StepId=10132113.2
ld.lld: error: undefined symbol: main
>>> referenced by start.S:104 (../sysdeps/x86_64/start.S:104)
>>>               /usr/lib64/gcc/x86_64-suse-linux/12/../../../../lib64/crt1.o:(_start)
clang: error: linker command failed with exit code 1 (use -v to see invocation)
Workload failed: No such file or directory
srun: error: nid001006: task 0: Exited with exit code 255
srun: Terminating StepId=10132113.3
ld.lld: error: undefined symbol: main
>>> referenced by start.S:104 (../sysdeps/x86_64/start.S:104)
>>>               /usr/lib64/gcc/x86_64-suse-linux/12/../../../../lib64/crt1.o:(_start)
clang: error: linker command failed with exit code 1 (use -v to see invocation)
Workload failed: No such file or directory
Workload failed: No such file or directory
srun: error: nid001006: tasks 0-1: Exited with exit code 255
srun: Terminating StepId=10132113.4
ld.lld: error: undefined symbol: main
>>> referenced by start.S:104 (../sysdeps/x86_64/start.S:104)
>>>               /usr/lib64/gcc/x86_64-suse-linux/12/../../../../lib64/crt1.o:(_start)
clang: error: linker command failed with exit code 1 (use -v to see invocation)
Workload failed: No such file or directory
Workload failed: No such file or directory
srun: error: nid001006: tasks 0-1: Exited with exit code 255
srun: Terminating StepId=10132113.5
ld.lld: error: undefined symbol: main
>>> referenced by start.S:104 (../sysdeps/x86_64/start.S:104)
>>>               /usr/lib64/gcc/x86_64-suse-linux/12/../../../../lib64/crt1.o:(_start)
clang: error: linker command failed with exit code 1 (use -v to see invocation)
Workload failed: No such file or directory
Workload failed: No such file or directory
srun: error: nid001006: tasks 0-1: Exited with exit code 255
srun: Terminating StepId=10132113.6
ld.lld: error: undefined symbol: main
>>> referenced by start.S:104 (../sysdeps/x86_64/start.S:104)
>>>               /usr/lib64/gcc/x86_64-suse-linux/12/../../../../lib64/crt1.o:(_start)
clang: error: linker command failed with exit code 1 (use -v to see invocation)
Workload failed: No such file or directory
Workload failed: No such file or directory
srun: error: nid001006: tasks 0-1: Exited with exit code 255
srun: Terminating StepId=10132113.7
ld.lld: error: undefined symbol: main
>>> referenced by start.S:104 (../sysdeps/x86_64/start.S:104)
>>>               /usr/lib64/gcc/x86_64-suse-linux/12/../../../../lib64/crt1.o:(_start)
clang: error: linker command failed with exit code 1 (use -v to see invocation)
Workload failed: No such file or directory
Workload failed: No such file or directory
Workload failed: No such file or directory
Workload failed: No such file or directory
srun: error: nid001006: tasks 0-3: Exited with exit code 255
srun: Terminating StepId=10132113.8
ld.lld: error: undefined symbol: main
>>> referenced by start.S:104 (../sysdeps/x86_64/start.S:104)
>>>               /usr/lib64/gcc/x86_64-suse-linux/12/../../../../lib64/crt1.o:(_start)
clang: error: linker command failed with exit code 1 (use -v to see invocation)
Workload failed: No such file or directory
Workload failed: No such file or directory
Workload failed: No such file or directory
Workload failed: No such file or directory
srun: error: nid001006: tasks 0-3: Exited with exit code 255
srun: Terminating StepId=10132113.9
ld.lld: error: undefined symbol: main
>>> referenced by start.S:104 (../sysdeps/x86_64/start.S:104)
>>>               /usr/lib64/gcc/x86_64-suse-linux/12/../../../../lib64/crt1.o:(_start)
clang: error: linker command failed with exit code 1 (use -v to see invocation)
Workload failed: No such file or directory
Workload failed: No such file or directory
Workload failed: No such file or directory
Workload failed: No such file or directory
srun: error: nid001006: tasks 0-3: Exited with exit code 255
srun: Terminating StepId=10132113.10
ld.lld: error: undefined symbol: main
>>> referenced by start.S:104 (../sysdeps/x86_64/start.S:104)
>>>               /usr/lib64/gcc/x86_64-suse-linux/12/../../../../lib64/crt1.o:(_start)
clang: error: linker command failed with exit code 1 (use -v to see invocation)
Workload failed: No such file or directory
Workload failed: No such file or directory
Workload failed: No such file or directory
Workload failed: No such file or directory
srun: error: nid001006: tasks 0-3: Exited with exit code 255
srun: Terminating StepId=10132113.11
ld.lld: error: undefined symbol: main
>>> referenced by start.S:104 (../sysdeps/x86_64/start.S:104)
>>>               /usr/lib64/gcc/x86_64-suse-linux/12/../../../../lib64/crt1.o:(_start)
clang: error: linker command failed with exit code 1 (use -v to see invocation)
Workload failed: No such file or directory
Workload failed: No such file or directory
Workload failed: No such file or directory
Workload failed: No such file or directory
Workload failed: No such file or directory
Workload failed: No such file or directory
Workload failed: No such file or directory
Workload failed: No such file or directory
srun: error: nid001006: tasks 0-7: Exited with exit code 255
srun: Terminating StepId=10132113.12
ld.lld: error: undefined symbol: main
>>> referenced by start.S:104 (../sysdeps/x86_64/start.S:104)
>>>               /usr/lib64/gcc/x86_64-suse-linux/12/../../../../lib64/crt1.o:(_start)
clang: error: linker command failed with exit code 1 (use -v to see invocation)
Workload failed: No such file or directory
Workload failed: No such file or directory
Workload failed: No such file or directory
Workload failed: No such file or directory
Workload failed: No such file or directory
Workload failed: No such file or directory
Workload failed: No such file or directory
Workload failed: No such file or directory
srun: error: nid001006: tasks 0-7: Exited with exit code 255
srun: Terminating StepId=10132113.13
ld.lld: error: undefined symbol: main
>>> referenced by start.S:104 (../sysdeps/x86_64/start.S:104)
>>>               /usr/lib64/gcc/x86_64-suse-linux/12/../../../../lib64/crt1.o:(_start)
clang: error: linker command failed with exit code 1 (use -v to see invocation)
Workload failed: No such file or directory
Workload failed: No such file or directory
Workload failed: No such file or directory
Workload failed: No such file or directory
Workload failed: No such file or directory
Workload failed: No such file or directory
Workload failed: No such file or directory
Workload failed: No such file or directory
srun: error: nid001006: tasks 0-7: Exited with exit code 255
srun: Terminating StepId=10132113.14
ld.lld: error: undefined symbol: main
>>> referenced by start.S:104 (../sysdeps/x86_64/start.S:104)
>>>               /usr/lib64/gcc/x86_64-suse-linux/12/../../../../lib64/crt1.o:(_start)
clang: error: linker command failed with exit code 1 (use -v to see invocation)
Workload failed: No such file or directory
Workload failed: No such file or directory
Workload failed: No such file or directory
Workload failed: No such file or directory
Workload failed: No such file or directory
Workload failed: No such file or directory
Workload failed: No such file or directory
Workload failed: No such file or directory
srun: error: nid001006: tasks 0-7: Exited with exit code 255
srun: Terminating StepId=10132113.15
