ld.lld: error: undefined symbol: main
>>> referenced by start.S:104 (../sysdeps/x86_64/start.S:104)
>>>               /usr/lib64/gcc/x86_64-suse-linux/12/../../../../lib64/crt1.o:(_start)
clang: error: linker command failed with exit code 1 (use -v to see invocation)
srun: warning: can't run 1 processes on 4 nodes, setting nnodes to 1
Workload failed: No such file or directory
srun: error: nid001023: task 0: Exited with exit code 255
srun: Terminating StepId=10132118.0
ld.lld: error: undefined symbol: main
>>> referenced by start.S:104 (../sysdeps/x86_64/start.S:104)
>>>               /usr/lib64/gcc/x86_64-suse-linux/12/../../../../lib64/crt1.o:(_start)
clang: error: linker command failed with exit code 1 (use -v to see invocation)
srun: warning: can't run 1 processes on 4 nodes, setting nnodes to 1
Workload failed: No such file or directory
srun: error: nid001023: task 0: Exited with exit code 255
srun: Terminating StepId=10132118.1
ld.lld: error: undefined symbol: main
>>> referenced by start.S:104 (../sysdeps/x86_64/start.S:104)
>>>               /usr/lib64/gcc/x86_64-suse-linux/12/../../../../lib64/crt1.o:(_start)
clang: error: linker command failed with exit code 1 (use -v to see invocation)
srun: warning: can't run 1 processes on 4 nodes, setting nnodes to 1
Workload failed: No such file or directory
srun: error: nid001023: task 0: Exited with exit code 255
srun: Terminating StepId=10132118.2
ld.lld: error: undefined symbol: main
>>> referenced by start.S:104 (../sysdeps/x86_64/start.S:104)
>>>               /usr/lib64/gcc/x86_64-suse-linux/12/../../../../lib64/crt1.o:(_start)
clang: error: linker command failed with exit code 1 (use -v to see invocation)
srun: warning: can't run 1 processes on 4 nodes, setting nnodes to 1
Workload failed: No such file or directory
srun: error: nid001023: task 0: Exited with exit code 255
srun: Terminating StepId=10132118.3
ld.lld: error: undefined symbol: main
>>> referenced by start.S:104 (../sysdeps/x86_64/start.S:104)
>>>               /usr/lib64/gcc/x86_64-suse-linux/12/../../../../lib64/crt1.o:(_start)
clang: error: linker command failed with exit code 1 (use -v to see invocation)
srun: warning: can't run 2 processes on 4 nodes, setting nnodes to 2
Workload failed: No such file or directory
srun: error: nid001023: task 0: Exited with exit code 255
srun: Terminating StepId=10132118.4
srun: error: nid001024: task 1: Terminated
srun: Force Terminated StepId=10132118.4
ld.lld: error: undefined symbol: main
>>> referenced by start.S:104 (../sysdeps/x86_64/start.S:104)
>>>               /usr/lib64/gcc/x86_64-suse-linux/12/../../../../lib64/crt1.o:(_start)
clang: error: linker command failed with exit code 1 (use -v to see invocation)
srun: warning: can't run 2 processes on 4 nodes, setting nnodes to 2
Workload failed: No such file or directory
Workload failed: No such file or directory
srun: error: nid001023: task 0: Exited with exit code 255
srun: Terminating StepId=10132118.5
srun: error: nid001024: task 1: Exited with exit code 255
ld.lld: error: undefined symbol: main
>>> referenced by start.S:104 (../sysdeps/x86_64/start.S:104)
>>>               /usr/lib64/gcc/x86_64-suse-linux/12/../../../../lib64/crt1.o:(_start)
clang: error: linker command failed with exit code 1 (use -v to see invocation)
srun: warning: can't run 2 processes on 4 nodes, setting nnodes to 2
Workload failed: No such file or directory
srun: error: nid001024: task 1: Exited with exit code 255
srun: Terminating StepId=10132118.6
slurmstepd: error: *** STEP 10132118.6 ON nid001023 CANCELLED AT 2025-05-16T07:45:44 ***
srun: error: nid001023: task 0: Terminated
srun: Force Terminated StepId=10132118.6
ld.lld: error: undefined symbol: main
>>> referenced by start.S:104 (../sysdeps/x86_64/start.S:104)
>>>               /usr/lib64/gcc/x86_64-suse-linux/12/../../../../lib64/crt1.o:(_start)
clang: error: linker command failed with exit code 1 (use -v to see invocation)
srun: warning: can't run 2 processes on 4 nodes, setting nnodes to 2
Workload failed: No such file or directory
Workload failed: No such file or directory
srun: error: nid001023: task 0: Exited with exit code 255
srun: Terminating StepId=10132118.7
srun: error: nid001024: task 1: Exited with exit code 255
ld.lld: error: undefined symbol: main
>>> referenced by start.S:104 (../sysdeps/x86_64/start.S:104)
>>>               /usr/lib64/gcc/x86_64-suse-linux/12/../../../../lib64/crt1.o:(_start)
clang: error: linker command failed with exit code 1 (use -v to see invocation)
Workload failed: No such file or directory
Workload failed: No such file or directory
Workload failed: No such file or directory
srun: error: nid001024: task 1: Exited with exit code 255
srun: Terminating StepId=10132118.8
srun: error: nid001023: task 0: Exited with exit code 255
srun: error: nid001025: task 2: Exited with exit code 255
srun: error: nid001026: task 3: Terminated
srun: Force Terminated StepId=10132118.8
ld.lld: error: undefined symbol: main
>>> referenced by start.S:104 (../sysdeps/x86_64/start.S:104)
>>>               /usr/lib64/gcc/x86_64-suse-linux/12/../../../../lib64/crt1.o:(_start)
clang: error: linker command failed with exit code 1 (use -v to see invocation)
Workload failed: No such file or directory
Workload failed: No such file or directory
Workload failed: No such file or directory
srun: error: nid001025: task 2: Exited with exit code 255
srun: Terminating StepId=10132118.9
srun: error: nid001023: task 0: Exited with exit code 255
srun: error: nid001024: task 1: Exited with exit code 255
srun: error: nid001026: task 3: Terminated
srun: Force Terminated StepId=10132118.9
ld.lld: error: undefined symbol: main
>>> referenced by start.S:104 (../sysdeps/x86_64/start.S:104)
>>>               /usr/lib64/gcc/x86_64-suse-linux/12/../../../../lib64/crt1.o:(_start)
clang: error: linker command failed with exit code 1 (use -v to see invocation)
Workload failed: No such file or directory
srun: error: nid001025: task 2: Exited with exit code 255
srun: Terminating StepId=10132118.10
slurmstepd: error: *** STEP 10132118.10 ON nid001023 CANCELLED AT 2025-05-16T07:45:47 ***
srun: error: nid001024: task 1: Terminated
srun: error: nid001026: task 3: Terminated
srun: error: nid001023: task 0: Terminated
srun: Force Terminated StepId=10132118.10
ld.lld: error: undefined symbol: main
>>> referenced by start.S:104 (../sysdeps/x86_64/start.S:104)
>>>               /usr/lib64/gcc/x86_64-suse-linux/12/../../../../lib64/crt1.o:(_start)
clang: error: linker command failed with exit code 1 (use -v to see invocation)
Workload failed: No such file or directory
Workload failed: No such file or directory
Workload failed: No such file or directory
srun: error: nid001025: task 2: Exited with exit code 255
srun: Terminating StepId=10132118.11
srun: error: nid001023: task 0: Exited with exit code 255
srun: error: nid001024: task 1: Exited with exit code 255
srun: error: nid001026: task 3: Terminated
srun: Force Terminated StepId=10132118.11
ld.lld: error: undefined symbol: main
>>> referenced by start.S:104 (../sysdeps/x86_64/start.S:104)
>>>               /usr/lib64/gcc/x86_64-suse-linux/12/../../../../lib64/crt1.o:(_start)
clang: error: linker command failed with exit code 1 (use -v to see invocation)
Workload failed: No such file or directory
Workload failed: No such file or directory
Workload failed: No such file or directory
Workload failed: No such file or directory
Workload failed: No such file or directory
Workload failed: No such file or directory
Workload failed: No such file or directory
Workload failed: No such file or directory
srun: error: nid001025: tasks 4-5: Exited with exit code 255
srun: Terminating StepId=10132118.12
slurmstepd: error: *** STEP 10132118.12 ON nid001023 CANCELLED AT 2025-05-16T07:45:50 ***
srun: error: nid001026: tasks 6-7: Exited with exit code 255
srun: error: nid001024: tasks 2-3: Exited with exit code 255
srun: error: nid001023: tasks 0-1: Exited with exit code 255
ld.lld: error: undefined symbol: main
>>> referenced by start.S:104 (../sysdeps/x86_64/start.S:104)
>>>               /usr/lib64/gcc/x86_64-suse-linux/12/../../../../lib64/crt1.o:(_start)
clang: error: linker command failed with exit code 1 (use -v to see invocation)
Workload failed: No such file or directory
Workload failed: No such file or directory
Workload failed: No such file or directory
Workload failed: No such file or directory
Workload failed: No such file or directory
Workload failed: No such file or directory
Workload failed: No such file or directory
Workload failed: No such file or directory
srun: error: nid001025: tasks 4-5: Exited with exit code 255
srun: Terminating StepId=10132118.13
srun: error: nid001024: tasks 2-3: Exited with exit code 255
srun: error: nid001023: tasks 0-1: Exited with exit code 255
srun: error: nid001026: tasks 6-7: Exited with exit code 255
ld.lld: error: undefined symbol: main
>>> referenced by start.S:104 (../sysdeps/x86_64/start.S:104)
>>>               /usr/lib64/gcc/x86_64-suse-linux/12/../../../../lib64/crt1.o:(_start)
clang: error: linker command failed with exit code 1 (use -v to see invocation)
Workload failed: No such file or directory
Workload failed: No such file or directory
Workload failed: No such file or directory
Workload failed: No such file or directory
Workload failed: No such file or directory
Workload failed: No such file or directory
Workload failed: No such file or directory
Workload failed: No such file or directory
srun: error: nid001025: tasks 4-5: Exited with exit code 255
srun: Terminating StepId=10132118.14
srun: error: nid001024: tasks 2-3: Exited with exit code 255
slurmstepd: error: *** STEP 10132118.14 ON nid001023 CANCELLED AT 2025-05-16T07:45:52 ***
srun: error: nid001026: tasks 6-7: Exited with exit code 255
srun: error: nid001023: tasks 0-1: Exited with exit code 255
ld.lld: error: undefined symbol: main
>>> referenced by start.S:104 (../sysdeps/x86_64/start.S:104)
>>>               /usr/lib64/gcc/x86_64-suse-linux/12/../../../../lib64/crt1.o:(_start)
clang: error: linker command failed with exit code 1 (use -v to see invocation)
Workload failed: No such file or directory
Workload failed: No such file or directory
Workload failed: No such file or directory
Workload failed: No such file or directory
Workload failed: No such file or directory
Workload failed: No such file or directory
Workload failed: No such file or directory
Workload failed: No such file or directory
srun: error: nid001025: tasks 4-5: Exited with exit code 255
srun: Terminating StepId=10132118.15
srun: error: nid001026: tasks 6-7: Exited with exit code 255
srun: error: nid001023: tasks 0-1: Exited with exit code 255
srun: error: nid001024: tasks 2-3: Exited with exit code 255
